<?xml version="1.0" encoding="UTF-8"?>
<testsuite xmlns:xsi="http://www.w3.org/2001/XMLSchema-instance" xsi:noNamespaceSchemaLocation="https://maven.apache.org/surefire/maven-surefire-plugin/xsd/surefire-test-report.xsd" name="org.powertac.visualizer.web.rest.UserResourceIntTest" time="0.027" tests="3" errors="0" skipped="0" failures="0">
  <properties>
[...]
</properties>
  <testcase name="equalsVerifier" classname="org.powertac.visualizer.web.rest.UserResourceIntTest" time="0.002"/>
  <testcase name="testGetUnknownUser" classname="org.powertac.visualizer.web.rest.UserResourceIntTest" time="0.015"/>
  <testcase name="testGetExistingUser" classname="org.powertac.visualizer.web.rest.UserResourceIntTest" time="0.01"/>
</testsuite>