<?xml version="1.0"?>
<testsuite name="PhantomJS 2.1.1 (Linux x86_64)" package="" timestamp="2023-09-25T15:42:55" id="0" hostname="cherry" tests="38" errors="0" failures="0" time="0.582">
  <properties>
    <property name="browser.fullName" value="Mozilla/5.0 (Unknown; Linux x86_64) AppleWebKit/538.1 (KHTML, like Gecko) PhantomJS/2.1.1 Safari/538.1"/>
  </properties>
  <testcase name="Controller Tests PasswordController should notify of error if change password fails" time="0.064" classname="PhantomJS_2_1_1_(Linux_x86_64).Controller Tests PasswordController"/>
  <testcase name="Controller Tests PasswordController should set success to OK upon success" time="0.019" classname="PhantomJS_2_1_1_(Linux_x86_64).Controller Tests PasswordController"/>
  <testcase name="Controller Tests PasswordController should call Auth.changePassword when passwords match" time="0.026" classname="PhantomJS_2_1_1_(Linux_x86_64).Controller Tests PasswordController"/>
  <testcase name="Controller Tests PasswordController should show error if passwords do not match" time="0.012" classname="PhantomJS_2_1_1_(Linux_x86_64).Controller Tests PasswordController"/>
  <testcase name="Service Tests Auth should call backend on logout then call authServerProvider.logout" time="0.025" classname="PhantomJS_2_1_1_(Linux_x86_64).Service Tests Auth"/>
  <testcase name="Controller Tests File Management Detail Controller Root Scope Listening Unregisters root scope listener upon scope destruction" time="0.015" classname="PhantomJS_2_1_1_(Linux_x86_64).Controller Tests File Management Detail Controller Root Scope Listening"/>
  <testcase name="Controller Tests JhiHealthCheckController baseName and subSystemName should return the sub system name" time="0.035" classname="PhantomJS_2_1_1_(Linux_x86_64).Controller Tests JhiHealthCheckController baseName and subSystemName"/>
  <testcase name="Controller Tests JhiHealthCheckController baseName and subSystemName should return the subsystem when it has multiple keys" time="0.012" classname="PhantomJS_2_1_1_(Linux_x86_64).Controller Tests JhiHealthCheckController baseName and subSystemName"/>
  <testcase name="Controller Tests JhiHealthCheckController baseName and subSystemName should return the basename when it has no sub system" time="0.013" classname="PhantomJS_2_1_1_(Linux_x86_64).Controller Tests JhiHealthCheckController baseName and subSystemName"/>
  <testcase name="Controller Tests JhiHealthCheckController baseName and subSystemName should return the basename when it has sub systems" time="0.008" classname="PhantomJS_2_1_1_(Linux_x86_64).Controller Tests JhiHealthCheckController baseName and subSystemName"/>
  <testcase name="Controller Tests JhiHealthCheckController transformHealthData should flatten health data with subsystems at level 1, main system has additional information" time="0.012" classname="PhantomJS_2_1_1_(Linux_x86_64).Controller Tests JhiHealthCheckController transformHealthData"/>
  <testcase name="Controller Tests JhiHealthCheckController transformHealthData should flatten health data with no subsystems" time="0.011" classname="PhantomJS_2_1_1_(Linux_x86_64).Controller Tests JhiHealthCheckController transformHealthData"/>
  <testcase name="Controller Tests JhiHealthCheckController transformHealthData should flatten health data with subsystems at level 1, main system has no additional information" time="0.009" classname="PhantomJS_2_1_1_(Linux_x86_64).Controller Tests JhiHealthCheckController transformHealthData"/>
  <testcase name="Controller Tests JhiHealthCheckController transformHealthData should flatten empty health data" time="0.009" classname="PhantomJS_2_1_1_(Linux_x86_64).Controller Tests JhiHealthCheckController transformHealthData"/>
  <testcase name="Controller Tests JhiHealthCheckController transformHealthData should flatten health data with subsystems at level 1, main system has additional error" time="0.012" classname="PhantomJS_2_1_1_(Linux_x86_64).Controller Tests JhiHealthCheckController transformHealthData"/>
  <testcase name="Controller Tests RegisterController should notify of user existence upon 400/login already in use" time="0.014" classname="PhantomJS_2_1_1_(Linux_x86_64).Controller Tests RegisterController"/>
  <testcase name="Controller Tests RegisterController should ensure the two passwords entered match" time="0.008" classname="PhantomJS_2_1_1_(Linux_x86_64).Controller Tests RegisterController"/>
  <testcase name="Controller Tests RegisterController should notify of email existence upon 400/e-mail address already in use" time="0.009" classname="PhantomJS_2_1_1_(Linux_x86_64).Controller Tests RegisterController"/>
  <testcase name="Controller Tests RegisterController should update success to OK after creating an account" time="0.013" classname="PhantomJS_2_1_1_(Linux_x86_64).Controller Tests RegisterController"/>
  <testcase name="Controller Tests RegisterController should notify of generic error" time="0.023" classname="PhantomJS_2_1_1_(Linux_x86_64).Controller Tests RegisterController"/>
  <testcase name="Controller Tests LoginController should set remember Me" time="0.011" classname="PhantomJS_2_1_1_(Linux_x86_64).Controller Tests LoginController"/>
  <testcase name="Controller Tests SettingsController should send the current identity upon save" time="0.014" classname="PhantomJS_2_1_1_(Linux_x86_64).Controller Tests SettingsController"/>
  <testcase name="Controller Tests SettingsController should notify of success upon successful save" time="0.008" classname="PhantomJS_2_1_1_(Linux_x86_64).Controller Tests SettingsController"/>
  <testcase name="Controller Tests SettingsController should notify of error upon failed save" time="0.008" classname="PhantomJS_2_1_1_(Linux_x86_64).Controller Tests SettingsController"/>
  <testcase name="Controller Tests SessionsController should call notify of success upon session invalidation" time="0.012" classname="PhantomJS_2_1_1_(Linux_x86_64).Controller Tests SessionsController"/>
  <testcase name="Controller Tests SessionsController should call delete on Sessions to invalidate a session" time="0.012" classname="PhantomJS_2_1_1_(Linux_x86_64).Controller Tests SessionsController"/>
  <testcase name="Controller Tests SessionsController should call delete on Sessions and notify of error" time="0.008" classname="PhantomJS_2_1_1_(Linux_x86_64).Controller Tests SessionsController"/>
  <testcase name="Controller Tests SessionsController should define its initial state" time="0.009" classname="PhantomJS_2_1_1_(Linux_x86_64).Controller Tests SessionsController"/>
  <testcase name="Controller Tests ActivationController should set set error to ERROR upon activation failure" time="0.012" classname="PhantomJS_2_1_1_(Linux_x86_64).Controller Tests ActivationController"/>
  <testcase name="Controller Tests ActivationController should set set success to OK upon successful activation" time="0.01" classname="PhantomJS_2_1_1_(Linux_x86_64).Controller Tests ActivationController"/>
  <testcase name="Controller Tests ActivationController calls Auth.activateAccount with the key from stateParams" time="0.013" classname="PhantomJS_2_1_1_(Linux_x86_64).Controller Tests ActivationController"/>
  <testcase name="Controller Tests View Management Detail Controller Root Scope Listening Unregisters root scope listener upon scope destruction" time="0.011" classname="PhantomJS_2_1_1_(Linux_x86_64).Controller Tests View Management Detail Controller Root Scope Listening"/>
  <testcase name="Controller Tests Game Management Detail Controller Root Scope Listening Unregisters root scope listener upon scope destruction" time="0.011" classname="PhantomJS_2_1_1_(Linux_x86_64).Controller Tests Game Management Detail Controller Root Scope Listening"/>
  <testcase name="Directive Tests Password strength Should change the first 4 points of the strength bar" time="0.027" classname="PhantomJS_2_1_1_(Linux_x86_64).Directive Tests Password strength"/>
  <testcase name="Directive Tests Password strength Should change the first 2 points of the strength bar" time="0.013" classname="PhantomJS_2_1_1_(Linux_x86_64).Directive Tests Password strength"/>
  <testcase name="Directive Tests Password strength Should display the password strength bar" time="0.013" classname="PhantomJS_2_1_1_(Linux_x86_64).Directive Tests Password strength"/>
  <testcase name="Controller Tests Graph Management Detail Controller Root Scope Listening Unregisters root scope listener upon scope destruction" time="0.03" classname="PhantomJS_2_1_1_(Linux_x86_64).Controller Tests Graph Management Detail Controller Root Scope Listening"/>
  <testcase name="Controller Tests Chart Management Detail Controller Root Scope Listening Unregisters root scope listener upon scope destruction" time="0.011" classname="PhantomJS_2_1_1_(Linux_x86_64).Controller Tests Chart Management Detail Controller Root Scope Listening"/>
  <system-out>
    <![CDATA[PhantomJS 2.1.1 (Linux x86_64) DUMP: 'background-color: rgb(153, 255, 0);'

]]>
  </system-out>
  <system-err/>
</testsuite>